<?xml version="1.0" encoding="UTF-8"?>
<testng-results ignored="0" total="2" passed="2" failed="0" skipped="0">
  <reporter-output>
  </reporter-output>
  <suite started-at="2025-04-02T02:31:33 PKT" name="Surefire suite" finished-at="2025-04-02T02:32:22 PKT" duration-ms="49082">
    <groups>
    </groups>
    <test started-at="2025-04-02T02:31:33 PKT" name="Surefire test" finished-at="2025-04-02T02:32:22 PKT" duration-ms="49082">
      <class name="testCases.TC001_AccountRegistrationTest">
        <test-method is-config="true" signature="setUp()[pri:0, instance:testCases.TC001_AccountRegistrationTest@604f2bd2]" started-at="2025-04-02T02:32:10 PKT" name="setUp" finished-at="2025-04-02T02:32:18 PKT" duration-ms="7782" status="PASS">
          <reporter-output>
          </reporter-output>
        </test-method> <!-- setUp -->
        <test-method signature="accountRegister()[pri:0, instance:testCases.TC001_AccountRegistrationTest@604f2bd2]" started-at="2025-04-02T02:32:18 PKT" name="accountRegister" finished-at="2025-04-02T02:32:22 PKT" duration-ms="4275" status="PASS">
          <reporter-output>
          </reporter-output>
        </test-method> <!-- accountRegister -->
        <test-method is-config="true" signature="tearDown()[pri:0, instance:testCases.TC001_AccountRegistrationTest@604f2bd2]" started-at="2025-04-02T02:32:22 PKT" name="tearDown" finished-at="2025-04-02T02:32:22 PKT" duration-ms="300" status="PASS">
          <reporter-output>
          </reporter-output>
        </test-method> <!-- tearDown -->
      </class> <!-- testCases.TC001_AccountRegistrationTest -->
      <class name="testCases.TC001_AccountLoginTest">
        <test-method is-config="true" signature="setUp()[pri:0, instance:testCases.TC001_AccountLoginTest@77b14724]" started-at="2025-04-02T02:31:33 PKT" name="setUp" finished-at="2025-04-02T02:32:07 PKT" duration-ms="33401" status="PASS">
          <reporter-output>
          </reporter-output>
        </test-method> <!-- setUp -->
        <test-method signature="login_Account()[pri:0, instance:testCases.TC001_AccountLoginTest@77b14724]" started-at="2025-04-02T02:32:07 PKT" name="login_Account" finished-at="2025-04-02T02:32:09 PKT" duration-ms="2029" status="PASS">
          <reporter-output>
          </reporter-output>
        </test-method> <!-- login_Account -->
        <test-method is-config="true" signature="tearDown()[pri:0, instance:testCases.TC001_AccountLoginTest@77b14724]" started-at="2025-04-02T02:32:09 PKT" name="tearDown" finished-at="2025-04-02T02:32:10 PKT" duration-ms="1168" status="PASS">
          <reporter-output>
          </reporter-output>
        </test-method> <!-- tearDown -->
      </class> <!-- testCases.TC001_AccountLoginTest -->
    </test> <!-- Surefire test -->
  </suite> <!-- Surefire suite -->
</testng-results>
