<?xml version="1.0" encoding="UTF-8"?>
<testng-results ignored="0" total="2" passed="2" failed="0" skipped="0">
  <reporter-output>
  </reporter-output>
  <suite started-at="2025-04-08T10:11:48 PKT" name="My Test Suite" finished-at="2025-04-08T10:12:17 PKT" duration-ms="29147">
    <groups>
    </groups>
    <test started-at="2025-04-08T10:11:48 PKT" name="chrometest" finished-at="2025-04-08T10:12:14 PKT" duration-ms="26259">
      <class name="testCases.TC001_AccountRegistrationTest">
        <test-method is-config="true" signature="setUp(java.lang.String,java.lang.String)[pri:0, instance:testCases.TC001_AccountRegistrationTest@7d42c224]" started-at="2025-04-08T10:11:48 PKT" name="setUp" finished-at="2025-04-08T10:12:03 PKT" duration-ms="14845" status="PASS">
          <params>
            <param index="0">
              <value>
                <![CDATA[Windows]]>
              </value>
            </param>
            <param index="1">
              <value>
                <![CDATA[chrome]]>
              </value>
            </param>
          </params>
          <reporter-output>
          </reporter-output>
        </test-method> <!-- setUp -->
        <test-method signature="accountRegister()[pri:0, instance:testCases.TC001_AccountRegistrationTest@7d42c224]" started-at="2025-04-08T10:12:03 PKT" name="accountRegister" finished-at="2025-04-08T10:12:10 PKT" duration-ms="6748" status="PASS">
          <reporter-output>
          </reporter-output>
        </test-method> <!-- accountRegister -->
        <test-method is-config="true" signature="tearDown()[pri:0, instance:testCases.TC001_AccountRegistrationTest@7d42c224]" started-at="2025-04-08T10:12:10 PKT" name="tearDown" finished-at="2025-04-08T10:12:14 PKT" duration-ms="4573" status="PASS">
          <reporter-output>
          </reporter-output>
        </test-method> <!-- tearDown -->
      </class> <!-- testCases.TC001_AccountRegistrationTest -->
    </test> <!-- chrometest -->
    <test started-at="2025-04-08T10:11:48 PKT" name="edgetest" finished-at="2025-04-08T10:12:17 PKT" duration-ms="29147">
      <class name="testCases.TC001_AccountRegistrationTest">
        <test-method is-config="true" signature="setUp(java.lang.String,java.lang.String)[pri:0, instance:testCases.TC001_AccountRegistrationTest@5a411614]" started-at="2025-04-08T10:11:48 PKT" name="setUp" finished-at="2025-04-08T10:12:05 PKT" duration-ms="16809" status="PASS">
          <params>
            <param index="0">
              <value>
                <![CDATA[Windows]]>
              </value>
            </param>
            <param index="1">
              <value>
                <![CDATA[edge]]>
              </value>
            </param>
          </params>
          <reporter-output>
          </reporter-output>
        </test-method> <!-- setUp -->
        <test-method signature="accountRegister()[pri:0, instance:testCases.TC001_AccountRegistrationTest@5a411614]" started-at="2025-04-08T10:12:05 PKT" name="accountRegister" finished-at="2025-04-08T10:12:15 PKT" duration-ms="10371" status="PASS">
          <reporter-output>
          </reporter-output>
        </test-method> <!-- accountRegister -->
        <test-method is-config="true" signature="tearDown()[pri:0, instance:testCases.TC001_AccountRegistrationTest@5a411614]" started-at="2025-04-08T10:12:15 PKT" name="tearDown" finished-at="2025-04-08T10:12:17 PKT" duration-ms="1891" status="PASS">
          <reporter-output>
          </reporter-output>
        </test-method> <!-- tearDown -->
      </class> <!-- testCases.TC001_AccountRegistrationTest -->
    </test> <!-- edgetest -->
  </suite> <!-- My Test Suite -->
</testng-results>
